<?xml version="1.0" encoding="UTF-8"?>
<testng-results ignored="0" total="1" passed="1" failed="0" skipped="0">
  <reporter-output>
  </reporter-output>
  <suite started-at="2023-01-14T02:45:43 IST" name="Default suite" finished-at="2023-01-14T02:46:45 IST" duration-ms="61284">
    <groups>
    </groups>
    <test started-at="2023-01-14T02:45:43 IST" name="Default test" finished-at="2023-01-14T02:46:45 IST" duration-ms="61284">
      <class name="taskbased.SwitchToNativeAppToWebApp">
        <test-method signature="webapp()[pri:0, instance:taskbased.SwitchToNativeAppToWebApp@710c2b53]" started-at="2023-01-14T02:45:43 IST" name="webapp" finished-at="2023-01-14T02:46:45 IST" duration-ms="61242" status="PASS">
          <reporter-output>
          </reporter-output>
        </test-method> <!-- webapp -->
      </class> <!-- taskbased.SwitchToNativeAppToWebApp -->
    </test> <!-- Default test -->
  </suite> <!-- Default suite -->
</testng-results>
